<?xml version="1.0" encoding="utf-8"?><testsuite errors="0" failures="0" name="pytest" skips="0" tests="4" time="0.291"><testcase classname="test.Flask_api" file="test.py" line="31" name="test_home_data" time="0.02457284927368164"></testcase><testcase classname="test.Flask_api" file="test.py" line="23" name="test_home_status_code" time="0.006983518600463867"></testcase><testcase classname="test.Flask_api" file="test.py" line="39" name="test_multi_data" time="0.0048525333404541016"></testcase><testcase classname="test.Flask_api" file="test.py" line="47" name="test_multi_data1" time="0.0022575855255126953"></testcase></testsuite>